<?xml version="1.0" encoding="UTF-8"?>
<!-- Generated by org.testng.reporters.JUnitReportReporter -->
<testsuite skipped="0" hostname="Neeraj-PC" name="testcases.TC_002" tests="1" failures="0" timestamp="14 Mar 2018 10:43:04 GMT" time="19.714" errors="0">
  <testcase name="testcase1" time="19.714" classname="testcases.TC_002"/>
</testsuite> <!-- testcases.TC_002 -->
