<?xml version="1.0" encoding="UTF-8"?>
<!-- Generated by org.testng.reporters.JUnitReportReporter -->
<testsuite skipped="0" hostname="Neeraj-PC" name="testcases.TC_001" tests="1" failures="0" timestamp="14 Mar 2018 08:03:23 GMT" time="39.076" errors="0">
  <testcase name="testcase1" time="39.076" classname="testcases.TC_001"/>
</testsuite> <!-- testcases.TC_001 -->
